

Microchip MPLAB XC8 Assembler V2.31 build 20201012212115 
                                                                                               Fri Jun 04 00:10:25 2021

Microchip MPLAB XC8 C Compiler v2.31 (Free license) build 20201012212115 Og1 
     1                           	processor	16F887
     2                           	pagewidth 120
     3                           	opt	flic
     4                           	psect	cinit,global,class=CODE,merge=1,delta=2
     5                           	psect	bssCOMMON,global,class=COMMON,space=1,delta=1,noexec
     6                           	psect	bssBANK0,global,class=BANK0,space=1,delta=1,noexec
     7                           	psect	cstackCOMMON,global,class=COMMON,space=1,delta=1,noexec
     8                           	psect	cstackBANK0,global,class=BANK0,space=1,delta=1,noexec
     9                           	psect	maintext,global,class=CODE,split=1,delta=2
    10                           	psect	text1,local,class=CODE,merge=1,delta=2
    11                           	psect	text2,local,class=CODE,merge=1,delta=2
    12                           	psect	intentry,global,class=CODE,delta=2
    13                           	psect	text3,local,class=CODE,merge=1,delta=2
    14                           	psect	text4,local,class=CODE,merge=1,delta=2
    15                           	psect	config,global,abs,ovrld,class=CONFIG,space=4,delta=2,noexec
    16                           	dabs	1,0x7E,2
    17  0000                     
    18                           ; Version 2.20
    19                           ; Generated 12/02/2020 GMT
    20                           ; 
    21                           ; Copyright © 2020, Microchip Technology Inc. and its subsidiaries ("Microchip")
    22                           ; All rights reserved.
    23                           ; 
    24                           ; This software is developed by Microchip Technology Inc. and its subsidiaries ("Microch
      +                          ip").
    25                           ; 
    26                           ; Redistribution and use in source and binary forms, with or without modification, are
    27                           ; permitted provided that the following conditions are met:
    28                           ; 
    29                           ;     1. Redistributions of source code must retain the above copyright notice, this lis
      +                          t of
    30                           ;        conditions and the following disclaimer.
    31                           ; 
    32                           ;     2. Redistributions in binary form must reproduce the above copyright notice, this 
      +                          list
    33                           ;        of conditions and the following disclaimer in the documentation and/or other
    34                           ;        materials provided with the distribution.
    35                           ; 
    36                           ;     3. Microchip's name may not be used to endorse or promote products derived from th
      +                          is
    37                           ;        software without specific prior written permission.
    38                           ; 
    39                           ; THIS SOFTWARE IS PROVIDED BY MICROCHIP "AS IS" AND ANY EXPRESS OR IMPLIED WARRANTIES,
    40                           ; INCLUDING, BUT NOT LIMITED TO, THE IMPLIED WARRANTIES OF MERCHANTABILITY AND FITNESS F
      +                          OR
    41                           ; PURPOSE ARE DISCLAIMED.  IN NO EVENT SHALL MICROCHIP BE LIABLE FOR ANY DIRECT, INDIREC
      +                          T,
    42                           ; INCIDENTAL, SPECIAL, EXEMPLARY, OR CONSEQUENTIAL DAMAGES (INCLUDING BUT NOT LIMITED TO
    43                           ; PROCUREMENT OF SUBSTITUTE GOODS OR SERVICES; LOSS OF USE, DATA OR PROFITS; OR BUSINESS
    44                           ; INTERRUPTION) HOWSOEVER CAUSED AND ON ANY THEORY OF LIABILITY, WHETHER IN CONTRACT, ST
      +                          RICT
    45                           ; LIABILITY, OR TORT (INCLUDING NEGLIGENCE OR OTHERWISE) ARISING IN ANY WAY OUT OF THE U
      +                          SE OF
    46                           ; THIS SOFTWARE, EVEN IF ADVISED OF THE POSSIBILITY OF SUCH DAMAGE.
    47                           ; 
    48                           ; 
    49                           ; Code-generator required, PIC16F887 Definitions
    50                           ; 
    51                           ; SFR Addresses
    52  0000                     	;# 
    53  0001                     	;# 
    54  0002                     	;# 
    55  0003                     	;# 
    56  0004                     	;# 
    57  0005                     	;# 
    58  0006                     	;# 
    59  0007                     	;# 
    60  0008                     	;# 
    61  0009                     	;# 
    62  000A                     	;# 
    63  000B                     	;# 
    64  000C                     	;# 
    65  000D                     	;# 
    66  000E                     	;# 
    67  000E                     	;# 
    68  000F                     	;# 
    69  0010                     	;# 
    70  0011                     	;# 
    71  0012                     	;# 
    72  0013                     	;# 
    73  0014                     	;# 
    74  0015                     	;# 
    75  0015                     	;# 
    76  0016                     	;# 
    77  0017                     	;# 
    78  0018                     	;# 
    79  0019                     	;# 
    80  001A                     	;# 
    81  001B                     	;# 
    82  001B                     	;# 
    83  001C                     	;# 
    84  001D                     	;# 
    85  001E                     	;# 
    86  001F                     	;# 
    87  0081                     	;# 
    88  0085                     	;# 
    89  0086                     	;# 
    90  0087                     	;# 
    91  0088                     	;# 
    92  0089                     	;# 
    93  008C                     	;# 
    94  008D                     	;# 
    95  008E                     	;# 
    96  008F                     	;# 
    97  0090                     	;# 
    98  0091                     	;# 
    99  0092                     	;# 
   100  0093                     	;# 
   101  0093                     	;# 
   102  0093                     	;# 
   103  0094                     	;# 
   104  0095                     	;# 
   105  0096                     	;# 
   106  0097                     	;# 
   107  0098                     	;# 
   108  0099                     	;# 
   109  009A                     	;# 
   110  009B                     	;# 
   111  009C                     	;# 
   112  009D                     	;# 
   113  009E                     	;# 
   114  009F                     	;# 
   115  0105                     	;# 
   116  0107                     	;# 
   117  0108                     	;# 
   118  0109                     	;# 
   119  010C                     	;# 
   120  010C                     	;# 
   121  010D                     	;# 
   122  010E                     	;# 
   123  010F                     	;# 
   124  0185                     	;# 
   125  0187                     	;# 
   126  0188                     	;# 
   127  0189                     	;# 
   128  018C                     	;# 
   129  018D                     	;# 
   130  0000                     	;# 
   131  0001                     	;# 
   132  0002                     	;# 
   133  0003                     	;# 
   134  0004                     	;# 
   135  0005                     	;# 
   136  0006                     	;# 
   137  0007                     	;# 
   138  0008                     	;# 
   139  0009                     	;# 
   140  000A                     	;# 
   141  000B                     	;# 
   142  000C                     	;# 
   143  000D                     	;# 
   144  000E                     	;# 
   145  000E                     	;# 
   146  000F                     	;# 
   147  0010                     	;# 
   148  0011                     	;# 
   149  0012                     	;# 
   150  0013                     	;# 
   151  0014                     	;# 
   152  0015                     	;# 
   153  0015                     	;# 
   154  0016                     	;# 
   155  0017                     	;# 
   156  0018                     	;# 
   157  0019                     	;# 
   158  001A                     	;# 
   159  001B                     	;# 
   160  001B                     	;# 
   161  001C                     	;# 
   162  001D                     	;# 
   163  001E                     	;# 
   164  001F                     	;# 
   165  0081                     	;# 
   166  0085                     	;# 
   167  0086                     	;# 
   168  0087                     	;# 
   169  0088                     	;# 
   170  0089                     	;# 
   171  008C                     	;# 
   172  008D                     	;# 
   173  008E                     	;# 
   174  008F                     	;# 
   175  0090                     	;# 
   176  0091                     	;# 
   177  0092                     	;# 
   178  0093                     	;# 
   179  0093                     	;# 
   180  0093                     	;# 
   181  0094                     	;# 
   182  0095                     	;# 
   183  0096                     	;# 
   184  0097                     	;# 
   185  0098                     	;# 
   186  0099                     	;# 
   187  009A                     	;# 
   188  009B                     	;# 
   189  009C                     	;# 
   190  009D                     	;# 
   191  009E                     	;# 
   192  009F                     	;# 
   193  0105                     	;# 
   194  0107                     	;# 
   195  0108                     	;# 
   196  0109                     	;# 
   197  010C                     	;# 
   198  010C                     	;# 
   199  010D                     	;# 
   200  010E                     	;# 
   201  010F                     	;# 
   202  0185                     	;# 
   203  0187                     	;# 
   204  0188                     	;# 
   205  0189                     	;# 
   206  018C                     	;# 
   207  018D                     	;# 
   208  000D                     _PIR2bits	set	13
   209  0012                     _T2CONbits	set	18
   210  0008                     _PORTD	set	8
   211  0006                     _PORTB	set	6
   212  0005                     _PORTA	set	5
   213  0006                     _PORTBbits	set	6
   214  0008                     _PORTDbits	set	8
   215  0001                     _TMR0	set	1
   216  000B                     _INTCONbits	set	11
   217  001D                     _CCP2CONbits	set	29
   218  001B                     _CCPR2L	set	27
   219  0017                     _CCP1CONbits	set	23
   220  0015                     _CCPR1L	set	21
   221  001E                     _ADRESH	set	30
   222  001F                     _ADCON0bits	set	31
   223  000C                     _PIR1bits	set	12
   224  0092                     _PR2	set	146
   225  0087                     _TRISCbits	set	135
   226  009F                     _ADCON1bits	set	159
   227  008C                     _PIE1bits	set	140
   228  008F                     _OSCCONbits	set	143
   229  0095                     _WPUB	set	149
   230  0081                     _OPTION_REGbits	set	129
   231  0096                     _IOCB	set	150
   232  0088                     _TRISD	set	136
   233  0086                     _TRISB	set	134
   234  0085                     _TRISA	set	133
   235  010C                     _EEDATA	set	268
   236  010C                     _EEDAT	set	268
   237  010D                     _EEADR	set	269
   238  018D                     _EECON2	set	397
   239  018C                     _EECON1bits	set	396
   240  0189                     _ANSELH	set	393
   241  0188                     _ANSEL	set	392
   242                           
   243                           	psect	cinit
   244  000F                     start_initialization:	
   245                           ; #config settings
   246                           
   247  000F                     __initialization:
   248                           
   249                           ; Clear objects allocated to COMMON
   250  000F  01F8               	clrf	__pbssCOMMON& (0+127)
   251  0010  01F9               	clrf	(__pbssCOMMON+1)& (0+127)
   252  0011  01FA               	clrf	(__pbssCOMMON+2)& (0+127)
   253  0012  01FB               	clrf	(__pbssCOMMON+3)& (0+127)
   254  0013  01FC               	clrf	(__pbssCOMMON+4)& (0+127)
   255  0014  01FD               	clrf	(__pbssCOMMON+5)& (0+127)
   256                           
   257                           ; Clear objects allocated to BANK0
   258  0015  1283               	bcf	3,5	;RP0=0, select bank0
   259  0016  1303               	bcf	3,6	;RP1=0, select bank0
   260  0017  01A0               	clrf	__pbssBANK0& (0+127)
   261  0018  01A1               	clrf	(__pbssBANK0+1)& (0+127)
   262  0019  01A2               	clrf	(__pbssBANK0+2)& (0+127)
   263  001A  01A3               	clrf	(__pbssBANK0+3)& (0+127)
   264  001B                     end_of_initialization:	
   265                           ;End of C runtime variable initialization code
   266                           
   267  001B                     __end_of__initialization:
   268  001B  0183               	clrf	3
   269  001C  120A  118A  29A2   	ljmp	_main	;jump to C main() function
   270                           
   271                           	psect	bssCOMMON
   272  0078                     __pbssCOMMON:
   273  0078                     _direccion:
   274  0078                     	ds	1
   275  0079                     _dato:
   276  0079                     	ds	1
   277  007A                     _lec2:
   278  007A                     	ds	1
   279  007B                     _lec1:
   280  007B                     	ds	1
   281  007C                     _servo2:
   282  007C                     	ds	1
   283  007D                     _servo1:
   284  007D                     	ds	1
   285                           
   286                           	psect	bssBANK0
   287  0020                     __pbssBANK0:
   288  0020                     _counter:
   289  0020                     	ds	2
   290  0022                     _speed:
   291  0022                     	ds	2
   292                           
   293                           	psect	cstackCOMMON
   294  0070                     __pcstackCOMMON:
   295  0070                     ?_escribir_EEPROM:
   296  0070                     ?_leer_EEPROM:	
   297                           ; 1 bytes @ 0x0
   298                           
   299  0070                     ??_leer_EEPROM:	
   300                           ; 1 bytes @ 0x0
   301                           
   302  0070                     ?_setup:	
   303                           ; 1 bytes @ 0x0
   304                           
   305  0070                     ?_isr:	
   306                           ; 1 bytes @ 0x0
   307                           
   308  0070                     ?_main:	
   309                           ; 1 bytes @ 0x0
   310                           
   311  0070                     escribir_EEPROM@direccion:	
   312                           ; 1 bytes @ 0x0
   313                           
   314                           
   315                           ; 1 bytes @ 0x0
   316  0070                     	ds	1
   317  0071                     ??_escribir_EEPROM:
   318  0071                     escribir_EEPROM@dato:	
   319                           ; 1 bytes @ 0x1
   320                           
   321  0071                     leer_EEPROM@direccion:	
   322                           ; 1 bytes @ 0x1
   323                           
   324                           
   325                           ; 1 bytes @ 0x1
   326  0071                     	ds	1
   327  0072                     leer_EEPROM@dato:
   328                           
   329                           ; 1 bytes @ 0x2
   330  0072                     	ds	1
   331  0073                     ??_isr:
   332                           
   333                           ; 1 bytes @ 0x3
   334  0073                     	ds	5
   335                           
   336                           	psect	cstackBANK0
   337  0024                     __pcstackBANK0:
   338  0024                     ??_setup:
   339                           
   340                           ; 1 bytes @ 0x0
   341  0024                     	ds	1
   342  0025                     ??_main:
   343                           
   344                           ; 1 bytes @ 0x1
   345  0025                     	ds	1
   346                           
   347                           	psect	maintext
   348  01A2                     __pmaintext:	
   349 ;;
   350 ;;Main: autosize = 0, tempsize = 1, incstack = 0, save=0
   351 ;;
   352 ;; *************** function _main *****************
   353 ;; Defined at:
   354 ;;		line 157 in file "Proyecto_2.c"
   355 ;; Parameters:    Size  Location     Type
   356 ;;		None
   357 ;; Auto vars:     Size  Location     Type
   358 ;;		None
   359 ;; Return value:  Size  Location     Type
   360 ;;                  1    wreg      void 
   361 ;; Registers used:
   362 ;;		wreg, status,2, status,0, pclath, cstack
   363 ;; Tracked objects:
   364 ;;		On entry : B00/0
   365 ;;		On exit  : 0/0
   366 ;;		Unchanged: 0/0
   367 ;; Data sizes:     COMMON   BANK0   BANK1   BANK3   BANK2
   368 ;;      Params:         0       0       0       0       0
   369 ;;      Locals:         0       0       0       0       0
   370 ;;      Temps:          0       1       0       0       0
   371 ;;      Totals:         0       1       0       0       0
   372 ;;Total ram usage:        1 bytes
   373 ;; Hardware stack levels required when called:    3
   374 ;; This function calls:
   375 ;;		_setup
   376 ;; This function is called by:
   377 ;;		Startup code after reset
   378 ;; This function uses a non-reentrant model
   379 ;;
   380                           
   381                           
   382                           ;psect for function _main
   383  01A2                     _main:
   384  01A2                     l1115:	
   385                           ;incstack = 0
   386                           ; Regs used in _main: [wreg+status,2+status,0+pclath+cstack]
   387                           
   388                           
   389                           ;Proyecto_2.c: 158:     setup();
   390  01A2  120A  118A  212A  120A  118A  	fcall	_setup
   391  01A7                     l1117:
   392                           
   393                           ;Proyecto_2.c: 159:     ADCON0bits.GO = 1;
   394  01A7  1283               	bcf	3,5	;RP0=0, select bank0
   395  01A8  1303               	bcf	3,6	;RP1=0, select bank0
   396  01A9  149F               	bsf	31,1	;volatile
   397  01AA                     l1119:
   398                           
   399                           ;Proyecto_2.c: 167:     {;Proyecto_2.c: 168:         if (ADCON0bits.GO == 0){
   400  01AA  189F               	btfsc	31,1	;volatile
   401  01AB  29AD               	goto	u331
   402  01AC  29AE               	goto	u330
   403  01AD                     u331:
   404  01AD  29AA               	goto	l1119
   405  01AE                     u330:
   406  01AE                     l1121:
   407                           
   408                           ;Proyecto_2.c: 169:             if (ADCON0bits.CHS == 0) {
   409  01AE  0C1F               	rrf	31,w	;volatile
   410  01AF  00A5               	movwf	??_main
   411  01B0  0C25               	rrf	??_main,w
   412  01B1  390F               	andlw	15
   413  01B2  3A00               	xorlw	0
   414  01B3  1D03               	skipz
   415  01B4  29B6               	goto	u341
   416  01B5  29B7               	goto	u340
   417  01B6                     u341:
   418  01B6  29BC               	goto	l1125
   419  01B7                     u340:
   420  01B7                     l1123:
   421                           
   422                           ;Proyecto_2.c: 170:                 ADCON0bits.CHS = 1;
   423  01B7  081F               	movf	31,w	;volatile
   424  01B8  39C3               	andlw	-61
   425  01B9  3804               	iorlw	4
   426  01BA  009F               	movwf	31	;volatile
   427                           
   428                           ;Proyecto_2.c: 171:             }
   429  01BB  29D5               	goto	l1133
   430  01BC                     l1125:
   431  01BC  0C1F               	rrf	31,w	;volatile
   432  01BD  00A5               	movwf	??_main
   433  01BE  0C25               	rrf	??_main,w
   434  01BF  390F               	andlw	15
   435  01C0  3A01               	xorlw	1
   436  01C1  1D03               	skipz
   437  01C2  29C4               	goto	u351
   438  01C3  29C5               	goto	u350
   439  01C4                     u351:
   440  01C4  29CA               	goto	l1129
   441  01C5                     u350:
   442  01C5                     l1127:
   443                           
   444                           ;Proyecto_2.c: 173:                 ADCON0bits.CHS = 2;
   445  01C5  081F               	movf	31,w	;volatile
   446  01C6  39C3               	andlw	-61
   447  01C7  3808               	iorlw	8
   448  01C8  009F               	movwf	31	;volatile
   449                           
   450                           ;Proyecto_2.c: 174:             }
   451  01C9  29D5               	goto	l1133
   452  01CA                     l1129:
   453  01CA  0C1F               	rrf	31,w	;volatile
   454  01CB  00A5               	movwf	??_main
   455  01CC  0C25               	rrf	??_main,w
   456  01CD  390F               	andlw	15
   457  01CE  3A02               	xorlw	2
   458  01CF  1D03               	skipz
   459  01D0  29D2               	goto	u361
   460  01D1  29D3               	goto	u360
   461  01D2                     u361:
   462  01D2  29D5               	goto	l1133
   463  01D3                     u360:
   464  01D3                     l1131:
   465                           
   466                           ;Proyecto_2.c: 176:                 ADCON0bits.CHS = 0;
   467  01D3  30C3               	movlw	-61
   468  01D4  059F               	andwf	31,f	;volatile
   469  01D5                     l1133:
   470                           
   471                           ;Proyecto_2.c: 179:             _delay((unsigned long)((200)*(8000000/4000000.0)));
   472  01D5  3084               	movlw	132
   473  01D6  1283               	bcf	3,5	;RP0=0, select bank0
   474  01D7  1303               	bcf	3,6	;RP1=0, select bank0
   475  01D8  00A5               	movwf	??_main
   476  01D9                     u377:
   477  01D9  0BA5               	decfsz	??_main,f
   478  01DA  29D9               	goto	u377
   479  01DB  0000               	nop
   480  01DC                     l1135:
   481                           
   482                           ;Proyecto_2.c: 180:              ADCON0bits.GO = 1;
   483  01DC  1283               	bcf	3,5	;RP0=0, select bank0
   484  01DD  1303               	bcf	3,6	;RP1=0, select bank0
   485  01DE  149F               	bsf	31,1	;volatile
   486  01DF  29AA               	goto	l1119
   487  01E0  120A  118A  280C   	ljmp	start
   488  01E3                     __end_of_main:
   489                           
   490                           	psect	text1
   491  012A                     __ptext1:	
   492 ;; *************** function _setup *****************
   493 ;; Defined at:
   494 ;;		line 192 in file "Proyecto_2.c"
   495 ;; Parameters:    Size  Location     Type
   496 ;;		None
   497 ;; Auto vars:     Size  Location     Type
   498 ;;		None
   499 ;; Return value:  Size  Location     Type
   500 ;;                  1    wreg      void 
   501 ;; Registers used:
   502 ;;		wreg, status,2, status,0
   503 ;; Tracked objects:
   504 ;;		On entry : 0/0
   505 ;;		On exit  : 0/0
   506 ;;		Unchanged: 0/0
   507 ;; Data sizes:     COMMON   BANK0   BANK1   BANK3   BANK2
   508 ;;      Params:         0       0       0       0       0
   509 ;;      Locals:         0       0       0       0       0
   510 ;;      Temps:          0       1       0       0       0
   511 ;;      Totals:         0       1       0       0       0
   512 ;;Total ram usage:        1 bytes
   513 ;; Hardware stack levels used:    1
   514 ;; Hardware stack levels required when called:    2
   515 ;; This function calls:
   516 ;;		Nothing
   517 ;; This function is called by:
   518 ;;		_main
   519 ;; This function uses a non-reentrant model
   520 ;;
   521                           
   522                           
   523                           ;psect for function _setup
   524  012A                     _setup:
   525  012A                     l953:	
   526                           ;incstack = 0
   527                           ; Regs used in _setup: [wreg+status,2+status,0]
   528                           
   529                           
   530                           ;Proyecto_2.c: 194:     ANSEL = 0X07;
   531  012A  3007               	movlw	7
   532  012B  1683               	bsf	3,5	;RP0=1, select bank3
   533  012C  1703               	bsf	3,6	;RP1=1, select bank3
   534  012D  0088               	movwf	8	;volatile
   535  012E                     l955:
   536                           
   537                           ;Proyecto_2.c: 195:     ANSELH = 0X00;
   538  012E  0189               	clrf	9	;volatile
   539  012F                     l957:
   540                           
   541                           ;Proyecto_2.c: 197:     TRISA = 0X07;
   542  012F  3007               	movlw	7
   543  0130  1683               	bsf	3,5	;RP0=1, select bank1
   544  0131  1303               	bcf	3,6	;RP1=0, select bank1
   545  0132  0085               	movwf	5	;volatile
   546  0133                     l959:
   547                           
   548                           ;Proyecto_2.c: 198:     TRISB = 0x03;
   549  0133  3003               	movlw	3
   550  0134  0086               	movwf	6	;volatile
   551  0135                     l961:
   552                           
   553                           ;Proyecto_2.c: 199:     TRISD = 0X00;
   554  0135  0188               	clrf	8	;volatile
   555                           
   556                           ;Proyecto_2.c: 201:     IOCB = 0x03;
   557  0136  3003               	movlw	3
   558  0137  0096               	movwf	22	;volatile
   559  0138                     l963:
   560                           
   561                           ;Proyecto_2.c: 202:     OPTION_REGbits.nRBPU = 0;
   562  0138  1381               	bcf	1,7	;volatile
   563                           
   564                           ;Proyecto_2.c: 203:     WPUB = 0x03;
   565  0139  3003               	movlw	3
   566  013A  0095               	movwf	21	;volatile
   567  013B                     l965:
   568                           
   569                           ;Proyecto_2.c: 205:     PORTA = 0x00;
   570  013B  1283               	bcf	3,5	;RP0=0, select bank0
   571  013C  1303               	bcf	3,6	;RP1=0, select bank0
   572  013D  0185               	clrf	5	;volatile
   573  013E                     l967:
   574                           
   575                           ;Proyecto_2.c: 206:     PORTB = 0x00;
   576  013E  0186               	clrf	6	;volatile
   577  013F                     l969:
   578                           
   579                           ;Proyecto_2.c: 207:     PORTD = 0x00;
   580  013F  0188               	clrf	8	;volatile
   581  0140                     l971:
   582                           
   583                           ;Proyecto_2.c: 210:     OSCCONbits.IRCF2 = 1;
   584  0140  1683               	bsf	3,5	;RP0=1, select bank1
   585  0141  1303               	bcf	3,6	;RP1=0, select bank1
   586  0142  170F               	bsf	15,6	;volatile
   587  0143                     l973:
   588                           
   589                           ;Proyecto_2.c: 211:     OSCCONbits.IRCF1 = 1;
   590  0143  168F               	bsf	15,5	;volatile
   591  0144                     l975:
   592                           
   593                           ;Proyecto_2.c: 212:     OSCCONbits.IRCF0 = 1;
   594  0144  160F               	bsf	15,4	;volatile
   595  0145                     l977:
   596                           
   597                           ;Proyecto_2.c: 213:     OSCCONbits.SCS = 1;
   598  0145  140F               	bsf	15,0	;volatile
   599  0146                     l979:
   600                           
   601                           ;Proyecto_2.c: 216:     INTCONbits.GIE = 1;
   602  0146  178B               	bsf	11,7	;volatile
   603  0147                     l981:
   604                           
   605                           ;Proyecto_2.c: 217:     INTCONbits.PEIE = 1;
   606  0147  170B               	bsf	11,6	;volatile
   607  0148                     l983:
   608                           
   609                           ;Proyecto_2.c: 218:     INTCONbits.T0IE = 1;
   610  0148  168B               	bsf	11,5	;volatile
   611  0149                     l985:
   612                           
   613                           ;Proyecto_2.c: 219:     INTCONbits.RBIE = 1;
   614  0149  158B               	bsf	11,3	;volatile
   615  014A                     l987:
   616                           
   617                           ;Proyecto_2.c: 220:     PIE1bits.ADIE = 1;
   618  014A  170C               	bsf	12,6	;volatile
   619  014B                     l989:
   620                           
   621                           ;Proyecto_2.c: 222:     PIR1bits.ADIF = 0;
   622  014B  1283               	bcf	3,5	;RP0=0, select bank0
   623  014C  1303               	bcf	3,6	;RP1=0, select bank0
   624  014D  130C               	bcf	12,6	;volatile
   625  014E                     l991:
   626                           
   627                           ;Proyecto_2.c: 223:     INTCONbits.RBIF = 1;
   628  014E  140B               	bsf	11,0	;volatile
   629  014F                     l993:
   630                           
   631                           ;Proyecto_2.c: 224:     INTCONbits.T0IF = 0;
   632  014F  110B               	bcf	11,2	;volatile
   633  0150                     l995:
   634                           
   635                           ;Proyecto_2.c: 228:     OPTION_REGbits.T0CS = 0;
   636  0150  1683               	bsf	3,5	;RP0=1, select bank1
   637  0151  1303               	bcf	3,6	;RP1=0, select bank1
   638  0152  1281               	bcf	1,5	;volatile
   639  0153                     l997:
   640                           
   641                           ;Proyecto_2.c: 229:     OPTION_REGbits.T0SE = 0;
   642  0153  1201               	bcf	1,4	;volatile
   643  0154                     l999:
   644                           
   645                           ;Proyecto_2.c: 230:     OPTION_REGbits.PSA = 0;
   646  0154  1181               	bcf	1,3	;volatile
   647  0155                     l1001:
   648                           
   649                           ;Proyecto_2.c: 231:     OPTION_REGbits.PS2 = 1;
   650  0155  1501               	bsf	1,2	;volatile
   651  0156                     l1003:
   652                           
   653                           ;Proyecto_2.c: 232:     OPTION_REGbits.PS1 = 0;
   654  0156  1081               	bcf	1,1	;volatile
   655  0157                     l1005:
   656                           
   657                           ;Proyecto_2.c: 233:     OPTION_REGbits.PS0 = 1;
   658  0157  1401               	bsf	1,0	;volatile
   659  0158                     l1007:
   660                           
   661                           ;Proyecto_2.c: 234:     TMR0 = 131;
   662  0158  3083               	movlw	131
   663  0159  1283               	bcf	3,5	;RP0=0, select bank0
   664  015A  1303               	bcf	3,6	;RP1=0, select bank0
   665  015B  0081               	movwf	1	;volatile
   666  015C                     l1009:
   667                           
   668                           ;Proyecto_2.c: 238:     ADCON1bits.ADFM = 0;
   669  015C  1683               	bsf	3,5	;RP0=1, select bank1
   670  015D  1303               	bcf	3,6	;RP1=0, select bank1
   671  015E  139F               	bcf	31,7	;volatile
   672  015F                     l1011:
   673                           
   674                           ;Proyecto_2.c: 239:     ADCON1bits.VCFG0 = 0;
   675  015F  121F               	bcf	31,4	;volatile
   676  0160                     l1013:
   677                           
   678                           ;Proyecto_2.c: 240:     ADCON1bits.VCFG1 = 0;
   679  0160  129F               	bcf	31,5	;volatile
   680  0161                     l1015:
   681                           
   682                           ;Proyecto_2.c: 242:     ADCON0bits.ADCS = 0b10;
   683  0161  1283               	bcf	3,5	;RP0=0, select bank0
   684  0162  1303               	bcf	3,6	;RP1=0, select bank0
   685  0163  081F               	movf	31,w	;volatile
   686  0164  393F               	andlw	-193
   687  0165  3880               	iorlw	128
   688  0166  009F               	movwf	31	;volatile
   689  0167                     l1017:
   690                           
   691                           ;Proyecto_2.c: 243:     ADCON0bits.CHS = 0;
   692  0167  30C3               	movlw	-61
   693  0168  059F               	andwf	31,f	;volatile
   694  0169                     l1019:
   695                           
   696                           ;Proyecto_2.c: 244:     _delay((unsigned long)((200)*(8000000/4000000.0)));
   697  0169  3084               	movlw	132
   698  016A  1283               	bcf	3,5	;RP0=0, select bank0
   699  016B  1303               	bcf	3,6	;RP1=0, select bank0
   700  016C  00A4               	movwf	??_setup
   701  016D                     u387:
   702  016D  0BA4               	decfsz	??_setup,f
   703  016E  296D               	goto	u387
   704  016F  0000               	nop
   705  0170                     l1021:
   706                           
   707                           ;Proyecto_2.c: 245:     ADCON0bits.ADON = 1;
   708  0170  1283               	bcf	3,5	;RP0=0, select bank0
   709  0171  1303               	bcf	3,6	;RP1=0, select bank0
   710  0172  141F               	bsf	31,0	;volatile
   711  0173                     l1023:
   712                           
   713                           ;Proyecto_2.c: 246:     _delay((unsigned long)((200)*(8000000/4000000.0)));
   714  0173  3084               	movlw	132
   715  0174  1283               	bcf	3,5	;RP0=0, select bank0
   716  0175  1303               	bcf	3,6	;RP1=0, select bank0
   717  0176  00A4               	movwf	??_setup
   718  0177                     u397:
   719  0177  0BA4               	decfsz	??_setup,f
   720  0178  2977               	goto	u397
   721  0179  0000               	nop
   722  017A                     l1025:
   723                           
   724                           ;Proyecto_2.c: 249:     TRISCbits.TRISC2 = 1;
   725  017A  1683               	bsf	3,5	;RP0=1, select bank1
   726  017B  1303               	bcf	3,6	;RP1=0, select bank1
   727  017C  1507               	bsf	7,2	;volatile
   728  017D                     l1027:
   729                           
   730                           ;Proyecto_2.c: 250:     TRISCbits.TRISC1 = 1;
   731  017D  1487               	bsf	7,1	;volatile
   732  017E                     l1029:
   733                           
   734                           ;Proyecto_2.c: 251:     PR2 = 250;
   735  017E  30FA               	movlw	250
   736  017F  0092               	movwf	18	;volatile
   737  0180                     l1031:
   738                           
   739                           ;Proyecto_2.c: 252:     CCP1CONbits.P1M = 0;
   740  0180  303F               	movlw	-193
   741  0181  1283               	bcf	3,5	;RP0=0, select bank0
   742  0182  1303               	bcf	3,6	;RP1=0, select bank0
   743  0183  0597               	andwf	23,f	;volatile
   744  0184                     l1033:
   745                           
   746                           ;Proyecto_2.c: 253:     CCP1CONbits.CCP1M = 0b1100;
   747  0184  0817               	movf	23,w	;volatile
   748  0185  39F0               	andlw	-16
   749  0186  380C               	iorlw	12
   750  0187  0097               	movwf	23	;volatile
   751  0188                     l1035:
   752                           
   753                           ;Proyecto_2.c: 254:     CCP2CONbits.CCP2M = 0b1100;
   754  0188  081D               	movf	29,w	;volatile
   755  0189  39F0               	andlw	-16
   756  018A  380C               	iorlw	12
   757  018B  009D               	movwf	29	;volatile
   758  018C                     l1037:
   759                           
   760                           ;Proyecto_2.c: 256:     CCPR1L = 0x0f;
   761  018C  300F               	movlw	15
   762  018D  0095               	movwf	21	;volatile
   763  018E                     l1039:
   764                           
   765                           ;Proyecto_2.c: 257:     CCPR2L = 0x0f;
   766  018E  300F               	movlw	15
   767  018F  009B               	movwf	27	;volatile
   768  0190                     l1041:
   769                           
   770                           ;Proyecto_2.c: 258:     CCP1CONbits.DC1B = 0;
   771  0190  30CF               	movlw	-49
   772  0191  0597               	andwf	23,f	;volatile
   773  0192                     l1043:
   774                           
   775                           ;Proyecto_2.c: 259:     CCP2CONbits.DC2B0 = 0;
   776  0192  121D               	bcf	29,4	;volatile
   777  0193                     l1045:
   778                           
   779                           ;Proyecto_2.c: 260:     CCP2CONbits.DC2B1 = 0;
   780  0193  129D               	bcf	29,5	;volatile
   781  0194                     l1047:
   782                           
   783                           ;Proyecto_2.c: 263:     PIR1bits.TMR2IF = 0;
   784  0194  108C               	bcf	12,1	;volatile
   785  0195                     l1049:
   786                           
   787                           ;Proyecto_2.c: 264:     T2CONbits.T2CKPS = 0b11;
   788  0195  3003               	movlw	3
   789  0196  0492               	iorwf	18,f	;volatile
   790  0197                     l1051:
   791                           
   792                           ;Proyecto_2.c: 265:     T2CONbits.TMR2ON = 1;
   793  0197  1512               	bsf	18,2	;volatile
   794  0198                     l129:	
   795                           ;Proyecto_2.c: 267:     while (PIR1bits.TMR2IF == 0);
   796                           
   797  0198  1C8C               	btfss	12,1	;volatile
   798  0199  299B               	goto	u201
   799  019A  299C               	goto	u200
   800  019B                     u201:
   801  019B  2998               	goto	l129
   802  019C                     u200:
   803  019C                     l131:
   804                           
   805                           ;Proyecto_2.c: 268:     PIR1bits.TMR2IF = 0;
   806  019C  108C               	bcf	12,1	;volatile
   807                           
   808                           ;Proyecto_2.c: 270:     TRISCbits.TRISC2 = 0;
   809  019D  1683               	bsf	3,5	;RP0=1, select bank1
   810  019E  1303               	bcf	3,6	;RP1=0, select bank1
   811  019F  1107               	bcf	7,2	;volatile
   812                           
   813                           ;Proyecto_2.c: 271:     TRISCbits.TRISC1 = 0;
   814  01A0  1087               	bcf	7,1	;volatile
   815  01A1                     l132:	
   816                           ;Proyecto_2.c: 273:     return;
   817                           
   818  01A1  0008               	return
   819  01A2                     __end_of_setup:
   820                           
   821                           	psect	text2
   822  001F                     __ptext2:	
   823 ;; *************** function _isr *****************
   824 ;; Defined at:
   825 ;;		line 67 in file "Proyecto_2.c"
   826 ;; Parameters:    Size  Location     Type
   827 ;;		None
   828 ;; Auto vars:     Size  Location     Type
   829 ;;		None
   830 ;; Return value:  Size  Location     Type
   831 ;;                  1    wreg      void 
   832 ;; Registers used:
   833 ;;		wreg, status,2, status,0, pclath, cstack
   834 ;; Tracked objects:
   835 ;;		On entry : 0/0
   836 ;;		On exit  : 0/0
   837 ;;		Unchanged: 0/0
   838 ;; Data sizes:     COMMON   BANK0   BANK1   BANK3   BANK2
   839 ;;      Params:         0       0       0       0       0
   840 ;;      Locals:         0       0       0       0       0
   841 ;;      Temps:          5       0       0       0       0
   842 ;;      Totals:         5       0       0       0       0
   843 ;;Total ram usage:        5 bytes
   844 ;; Hardware stack levels used:    1
   845 ;; Hardware stack levels required when called:    1
   846 ;; This function calls:
   847 ;;		_escribir_EEPROM
   848 ;;		_leer_EEPROM
   849 ;; This function is called by:
   850 ;;		Interrupt level 1
   851 ;; This function uses a non-reentrant model
   852 ;;
   853                           
   854                           
   855                           ;psect for function _isr
   856  001F                     _isr:
   857  001F                     i1l1053:
   858                           
   859                           ;Proyecto_2.c: 69:     if (PIR1bits.ADIF == 1) {
   860  001F  1283               	bcf	3,5	;RP0=0, select bank0
   861  0020  1303               	bcf	3,6	;RP1=0, select bank0
   862  0021  1F0C               	btfss	12,6	;volatile
   863  0022  2824               	goto	u21_21
   864  0023  2825               	goto	u21_20
   865  0024                     u21_21:
   866  0024  2892               	goto	i1l1081
   867  0025                     u21_20:
   868  0025                     i1l1055:
   869                           
   870                           ;Proyecto_2.c: 71:         if (ADCON0bits.CHS == 0) {
   871  0025  0C1F               	rrf	31,w	;volatile
   872  0026  00F3               	movwf	??_isr
   873  0027  0C73               	rrf	??_isr,w
   874  0028  390F               	andlw	15
   875  0029  3A00               	xorlw	0
   876  002A  1D03               	skipz
   877  002B  282D               	goto	u22_21
   878  002C  282E               	goto	u22_20
   879  002D                     u22_21:
   880  002D  2853               	goto	i1l1065
   881  002E                     u22_20:
   882  002E                     i1l1057:
   883                           
   884                           ;Proyecto_2.c: 72:             servo1 = ADRESH;
   885  002E  081E               	movf	30,w	;volatile
   886  002F  00F3               	movwf	??_isr
   887  0030  0873               	movf	??_isr,w
   888  0031  00FD               	movwf	_servo1
   889  0032                     i1l1059:
   890                           
   891                           ;Proyecto_2.c: 73:             CCPR1L = (servo1 >> 1) + 125;
   892  0032  087D               	movf	_servo1,w
   893  0033  00F3               	movwf	??_isr
   894  0034  1003               	clrc
   895  0035  0C73               	rrf	??_isr,w
   896  0036  3E7D               	addlw	125
   897  0037  0095               	movwf	21	;volatile
   898  0038                     i1l1061:
   899                           
   900                           ;Proyecto_2.c: 74:             CCP1CONbits.DC1B1 = servo1 & 0b01;
   901  0038  087D               	movf	_servo1,w
   902  0039  3901               	andlw	1
   903  003A  00F3               	movwf	??_isr
   904  003B  0EF3               	swapf	??_isr,f
   905  003C  0DF3               	rlf	??_isr,f
   906  003D  0817               	movf	23,w	;volatile
   907  003E  0673               	xorwf	??_isr,w
   908  003F  39DF               	andlw	-33
   909  0040  0673               	xorwf	??_isr,w
   910  0041  0097               	movwf	23	;volatile
   911  0042                     i1l1063:
   912                           
   913                           ;Proyecto_2.c: 75:             CCP1CONbits.DC1B0 = (servo1 >> 7);
   914  0042  087D               	movf	_servo1,w
   915  0043  00F3               	movwf	??_isr
   916  0044  3007               	movlw	7
   917  0045                     u23_25:
   918  0045  1003               	clrc
   919  0046  0CF3               	rrf	??_isr,f
   920  0047  3EFF               	addlw	-1
   921  0048  1D03               	skipz
   922  0049  2845               	goto	u23_25
   923  004A  0873               	movf	??_isr,w
   924  004B  00F4               	movwf	??_isr+1
   925  004C  0EF4               	swapf	??_isr+1,f
   926  004D  0817               	movf	23,w	;volatile
   927  004E  0674               	xorwf	??_isr+1,w
   928  004F  39EF               	andlw	-17
   929  0050  0674               	xorwf	??_isr+1,w
   930  0051  0097               	movwf	23	;volatile
   931                           
   932                           ;Proyecto_2.c: 76:         }
   933  0052  2891               	goto	i1l1079
   934  0053                     i1l1065:
   935  0053  0C1F               	rrf	31,w	;volatile
   936  0054  00F3               	movwf	??_isr
   937  0055  0C73               	rrf	??_isr,w
   938  0056  390F               	andlw	15
   939  0057  3A01               	xorlw	1
   940  0058  1D03               	skipz
   941  0059  285B               	goto	u24_21
   942  005A  285C               	goto	u24_20
   943  005B                     u24_21:
   944  005B  2881               	goto	i1l1075
   945  005C                     u24_20:
   946  005C                     i1l1067:
   947                           
   948                           ;Proyecto_2.c: 79:             servo2 = ADRESH;
   949  005C  081E               	movf	30,w	;volatile
   950  005D  00F3               	movwf	??_isr
   951  005E  0873               	movf	??_isr,w
   952  005F  00FC               	movwf	_servo2
   953  0060                     i1l1069:
   954                           
   955                           ;Proyecto_2.c: 80:             CCPR2L = (servo2 >> 1) + 125;
   956  0060  087C               	movf	_servo2,w
   957  0061  00F3               	movwf	??_isr
   958  0062  1003               	clrc
   959  0063  0C73               	rrf	??_isr,w
   960  0064  3E7D               	addlw	125
   961  0065  009B               	movwf	27	;volatile
   962  0066                     i1l1071:
   963                           
   964                           ;Proyecto_2.c: 81:             CCP2CONbits.DC2B1 = servo2 & 0b01;
   965  0066  087C               	movf	_servo2,w
   966  0067  3901               	andlw	1
   967  0068  00F3               	movwf	??_isr
   968  0069  0EF3               	swapf	??_isr,f
   969  006A  0DF3               	rlf	??_isr,f
   970  006B  081D               	movf	29,w	;volatile
   971  006C  0673               	xorwf	??_isr,w
   972  006D  39DF               	andlw	-33
   973  006E  0673               	xorwf	??_isr,w
   974  006F  009D               	movwf	29	;volatile
   975  0070                     i1l1073:
   976                           
   977                           ;Proyecto_2.c: 82:             CCP2CONbits.DC2B0 = (servo2 >> 7);
   978  0070  087C               	movf	_servo2,w
   979  0071  00F3               	movwf	??_isr
   980  0072  3007               	movlw	7
   981  0073                     u25_25:
   982  0073  1003               	clrc
   983  0074  0CF3               	rrf	??_isr,f
   984  0075  3EFF               	addlw	-1
   985  0076  1D03               	skipz
   986  0077  2873               	goto	u25_25
   987  0078  0873               	movf	??_isr,w
   988  0079  00F4               	movwf	??_isr+1
   989  007A  0EF4               	swapf	??_isr+1,f
   990  007B  081D               	movf	29,w	;volatile
   991  007C  0674               	xorwf	??_isr+1,w
   992  007D  39EF               	andlw	-17
   993  007E  0674               	xorwf	??_isr+1,w
   994  007F  009D               	movwf	29	;volatile
   995                           
   996                           ;Proyecto_2.c: 84:         }
   997  0080  2891               	goto	i1l1079
   998  0081                     i1l1075:
   999  0081  0C1F               	rrf	31,w	;volatile
  1000  0082  00F3               	movwf	??_isr
  1001  0083  0C73               	rrf	??_isr,w
  1002  0084  390F               	andlw	15
  1003  0085  3A02               	xorlw	2
  1004  0086  1D03               	skipz
  1005  0087  2889               	goto	u26_21
  1006  0088  288A               	goto	u26_20
  1007  0089                     u26_21:
  1008  0089  2891               	goto	i1l1079
  1009  008A                     u26_20:
  1010  008A                     i1l1077:
  1011                           
  1012                           ;Proyecto_2.c: 87:             speed = ADRESH;
  1013  008A  081E               	movf	30,w	;volatile
  1014  008B  00F3               	movwf	??_isr
  1015  008C  01F4               	clrf	??_isr+1
  1016  008D  0873               	movf	??_isr,w
  1017  008E  00A2               	movwf	_speed
  1018  008F  0874               	movf	??_isr+1,w
  1019  0090  00A3               	movwf	_speed+1
  1020  0091                     i1l1079:
  1021                           
  1022                           ;Proyecto_2.c: 90:         PIR1bits.ADIF = 0;
  1023  0091  130C               	bcf	12,6	;volatile
  1024  0092                     i1l1081:
  1025                           
  1026                           ;Proyecto_2.c: 93:     if (INTCONbits.T0IF ==1)
  1027  0092  1D0B               	btfss	11,2	;volatile
  1028  0093  2895               	goto	u27_21
  1029  0094  2896               	goto	u27_20
  1030  0095                     u27_21:
  1031  0095  28BE               	goto	i1l1093
  1032  0096                     u27_20:
  1033  0096                     i1l1083:
  1034                           
  1035                           ;Proyecto_2.c: 94:     {;Proyecto_2.c: 95:         counter++;
  1036  0096  3001               	movlw	1
  1037  0097  07A0               	addwf	_counter,f
  1038  0098  1803               	skipnc
  1039  0099  0AA1               	incf	_counter+1,f
  1040  009A  3000               	movlw	0
  1041  009B  07A1               	addwf	_counter+1,f
  1042  009C                     i1l1085:
  1043                           
  1044                           ;Proyecto_2.c: 96:         INTCONbits.T0IF = 0;
  1045  009C  110B               	bcf	11,2	;volatile
  1046                           
  1047                           ;Proyecto_2.c: 97:         TMR0 = 131;
  1048  009D  3083               	movlw	131
  1049  009E  0081               	movwf	1	;volatile
  1050                           
  1051                           ;Proyecto_2.c: 99:         if (counter >= speed) {
  1052  009F  0821               	movf	_counter+1,w
  1053  00A0  3A80               	xorlw	128
  1054  00A1  00F3               	movwf	??_isr
  1055  00A2  0823               	movf	_speed+1,w
  1056  00A3  3A80               	xorlw	128
  1057  00A4  0273               	subwf	??_isr,w
  1058  00A5  1D03               	skipz
  1059  00A6  28A9               	goto	u28_25
  1060  00A7  0822               	movf	_speed,w
  1061  00A8  0220               	subwf	_counter,w
  1062  00A9                     u28_25:
  1063  00A9  1C03               	skipc
  1064  00AA  28AC               	goto	u28_21
  1065  00AB  28AD               	goto	u28_20
  1066  00AC                     u28_21:
  1067  00AC  28B2               	goto	i1l104
  1068  00AD                     u28_20:
  1069  00AD                     i1l1087:
  1070                           
  1071                           ;Proyecto_2.c: 100:             PORTDbits.RD0 = 0;
  1072  00AD  1283               	bcf	3,5	;RP0=0, select bank0
  1073  00AE  1303               	bcf	3,6	;RP1=0, select bank0
  1074  00AF  1008               	bcf	8,0	;volatile
  1075                           
  1076                           ;Proyecto_2.c: 101:             PORTDbits.RD1 = 0;
  1077  00B0  1088               	bcf	8,1	;volatile
  1078                           
  1079                           ;Proyecto_2.c: 102:         }
  1080  00B1  28B6               	goto	i1l1089
  1081  00B2                     i1l104:	
  1082                           ;Proyecto_2.c: 104:         else {
  1083                           
  1084                           
  1085                           ;Proyecto_2.c: 105:             PORTDbits.RD0 = 1;
  1086  00B2  1283               	bcf	3,5	;RP0=0, select bank0
  1087  00B3  1303               	bcf	3,6	;RP1=0, select bank0
  1088  00B4  1408               	bsf	8,0	;volatile
  1089                           
  1090                           ;Proyecto_2.c: 106:             PORTDbits.RD1 = 1;
  1091  00B5  1488               	bsf	8,1	;volatile
  1092  00B6                     i1l1089:
  1093                           
  1094                           ;Proyecto_2.c: 109:         if (counter == 256) {
  1095  00B6  0321               	decf	_counter+1,w
  1096  00B7  0420               	iorwf	_counter,w
  1097  00B8  1D03               	btfss	3,2
  1098  00B9  28BB               	goto	u29_21
  1099  00BA  28BC               	goto	u29_20
  1100  00BB                     u29_21:
  1101  00BB  28BE               	goto	i1l1093
  1102  00BC                     u29_20:
  1103  00BC                     i1l1091:
  1104                           
  1105                           ;Proyecto_2.c: 110:             counter = 0;
  1106  00BC  01A0               	clrf	_counter
  1107  00BD  01A1               	clrf	_counter+1
  1108  00BE                     i1l1093:
  1109                           
  1110                           ;Proyecto_2.c: 115:     if (INTCONbits.RBIF == 1) {
  1111  00BE  1C0B               	btfss	11,0	;volatile
  1112  00BF  28C1               	goto	u30_21
  1113  00C0  28C2               	goto	u30_20
  1114  00C1                     u30_21:
  1115  00C1  2923               	goto	i1l112
  1116  00C2                     u30_20:
  1117  00C2                     i1l1095:
  1118                           
  1119                           ;Proyecto_2.c: 117:         if (PORTBbits.RB0 == 0) {
  1120  00C2  1806               	btfsc	6,0	;volatile
  1121  00C3  28C5               	goto	u31_21
  1122  00C4  28C6               	goto	u31_20
  1123  00C5                     u31_21:
  1124  00C5  28E9               	goto	i1l108
  1125  00C6                     u31_20:
  1126  00C6                     i1l1097:
  1127                           
  1128                           ;Proyecto_2.c: 118:             PORTBbits.RB3 = 1;
  1129  00C6  1586               	bsf	6,3	;volatile
  1130  00C7                     i1l1099:
  1131                           
  1132                           ;Proyecto_2.c: 120:             escribir_EEPROM(servo1, 0x10);
  1133  00C7  3010               	movlw	16
  1134  00C8  00F3               	movwf	??_isr
  1135  00C9  0873               	movf	??_isr,w
  1136  00CA  00F0               	movwf	escribir_EEPROM@direccion
  1137  00CB  087D               	movf	_servo1,w
  1138  00CC  120A  118A  21E3  120A  118A  	fcall	_escribir_EEPROM
  1139                           
  1140                           ;Proyecto_2.c: 121:             escribir_EEPROM(servo2, 0x11);
  1141  00D1  3011               	movlw	17
  1142  00D2  00F3               	movwf	??_isr
  1143  00D3  0873               	movf	??_isr,w
  1144  00D4  00F0               	movwf	escribir_EEPROM@direccion
  1145  00D5  087C               	movf	_servo2,w
  1146  00D6  120A  118A  21E3  120A  118A  	fcall	_escribir_EEPROM
  1147  00DB                     i1l1101:
  1148                           
  1149                           ;Proyecto_2.c: 123:             _delay((unsigned long)((1000)*(8000000/4000.0)));
  1150  00DB  300B               	movlw	11
  1151  00DC  00F5               	movwf	??_isr+2
  1152  00DD  3026               	movlw	38
  1153  00DE  00F4               	movwf	??_isr+1
  1154  00DF  305D               	movlw	93
  1155  00E0  00F3               	movwf	??_isr
  1156  00E1                     u40_27:
  1157  00E1  0BF3               	decfsz	??_isr,f
  1158  00E2  28E1               	goto	u40_27
  1159  00E3  0BF4               	decfsz	??_isr+1,f
  1160  00E4  28E1               	goto	u40_27
  1161  00E5  0BF5               	decfsz	??_isr+2,f
  1162  00E6  28E1               	goto	u40_27
  1163  00E7  28E8               	nop2
  1164                           
  1165                           ;Proyecto_2.c: 124:         }
  1166  00E8  2922               	goto	i1l109
  1167  00E9                     i1l108:	
  1168                           ;Proyecto_2.c: 126:         else if (PORTBbits.RB1 == 0) {
  1169                           
  1170  00E9  1886               	btfsc	6,1	;volatile
  1171  00EA  28EC               	goto	u32_21
  1172  00EB  28ED               	goto	u32_20
  1173  00EC                     u32_21:
  1174  00EC  2920               	goto	i1l110
  1175  00ED                     u32_20:
  1176  00ED                     i1l1103:
  1177                           
  1178                           ;Proyecto_2.c: 128:             ADCON0bits.ADON = 0;
  1179  00ED  101F               	bcf	31,0	;volatile
  1180                           
  1181                           ;Proyecto_2.c: 129:             PORTBbits.RB4 = 1;
  1182  00EE  1606               	bsf	6,4	;volatile
  1183  00EF                     i1l1105:
  1184                           
  1185                           ;Proyecto_2.c: 131:             lec1 = leer_EEPROM(0x10);
  1186  00EF  3010               	movlw	16
  1187  00F0  120A  118A  21FF  120A  118A  	fcall	_leer_EEPROM
  1188  00F5  00F3               	movwf	??_isr
  1189  00F6  0873               	movf	??_isr,w
  1190  00F7  00FB               	movwf	_lec1
  1191                           
  1192                           ;Proyecto_2.c: 132:             lec2 = leer_EEPROM(0x11);
  1193  00F8  3011               	movlw	17
  1194  00F9  120A  118A  21FF  120A  118A  	fcall	_leer_EEPROM
  1195  00FE  00F3               	movwf	??_isr
  1196  00FF  0873               	movf	??_isr,w
  1197  0100  00FA               	movwf	_lec2
  1198  0101                     i1l1107:
  1199                           
  1200                           ;Proyecto_2.c: 134:             CCPR1L = (lec1 >> 1) + 125;
  1201  0101  087B               	movf	_lec1,w
  1202  0102  00F3               	movwf	??_isr
  1203  0103  1003               	clrc
  1204  0104  0C73               	rrf	??_isr,w
  1205  0105  3E7D               	addlw	125
  1206  0106  1283               	bcf	3,5	;RP0=0, select bank0
  1207  0107  1303               	bcf	3,6	;RP1=0, select bank0
  1208  0108  0095               	movwf	21	;volatile
  1209  0109                     i1l1109:
  1210                           
  1211                           ;Proyecto_2.c: 135:             CCPR2L = (lec2 >> 1) + 125;
  1212  0109  087A               	movf	_lec2,w
  1213  010A  00F3               	movwf	??_isr
  1214  010B  1003               	clrc
  1215  010C  0C73               	rrf	??_isr,w
  1216  010D  3E7D               	addlw	125
  1217  010E  009B               	movwf	27	;volatile
  1218  010F                     i1l1111:
  1219                           
  1220                           ;Proyecto_2.c: 137:             _delay((unsigned long)((2500)*(8000000/4000.0)));
  1221  010F  301A               	movlw	26
  1222  0110  00F5               	movwf	??_isr+2
  1223  0111  305E               	movlw	94
  1224  0112  00F4               	movwf	??_isr+1
  1225  0113  306E               	movlw	110
  1226  0114  00F3               	movwf	??_isr
  1227  0115                     u41_27:
  1228  0115  0BF3               	decfsz	??_isr,f
  1229  0116  2915               	goto	u41_27
  1230  0117  0BF4               	decfsz	??_isr+1,f
  1231  0118  2915               	goto	u41_27
  1232  0119  0BF5               	decfsz	??_isr+2,f
  1233  011A  2915               	goto	u41_27
  1234  011B  0000               	nop
  1235  011C                     i1l1113:
  1236                           
  1237                           ;Proyecto_2.c: 138:             ADCON0bits.ADON = 1;
  1238  011C  1283               	bcf	3,5	;RP0=0, select bank0
  1239  011D  1303               	bcf	3,6	;RP1=0, select bank0
  1240  011E  141F               	bsf	31,0	;volatile
  1241                           
  1242                           ;Proyecto_2.c: 140:         }
  1243  011F  2922               	goto	i1l109
  1244  0120                     i1l110:	
  1245                           ;Proyecto_2.c: 142:         else {
  1246                           
  1247                           
  1248                           ;Proyecto_2.c: 143:             PORTBbits.RB3 = 0;
  1249  0120  1186               	bcf	6,3	;volatile
  1250                           
  1251                           ;Proyecto_2.c: 144:             PORTBbits.RB4 = 0;
  1252  0121  1206               	bcf	6,4	;volatile
  1253  0122                     i1l109:
  1254                           
  1255                           ;Proyecto_2.c: 147:         INTCONbits.RBIF = 0;
  1256  0122  100B               	bcf	11,0	;volatile
  1257  0123                     i1l112:
  1258  0123  0877               	movf	??_isr+4,w
  1259  0124  008A               	movwf	10
  1260  0125  0E76               	swapf	??_isr+3,w
  1261  0126  0083               	movwf	3
  1262  0127  0EFE               	swapf	btemp,f
  1263  0128  0E7E               	swapf	btemp,w
  1264  0129  0009               	retfie
  1265  012A                     __end_of_isr:
  1266                           
  1267                           	psect	intentry
  1268  0004                     __pintentry:	
  1269                           ;incstack = 0
  1270                           ; Regs used in _isr: [wreg+status,2+status,0+pclath+cstack]
  1271                           
  1272  0004                     interrupt_function:
  1273  007E                     saved_w	set	btemp
  1274  0004  00FE               	movwf	btemp
  1275  0005  0E03               	swapf	3,w
  1276  0006  00F6               	movwf	??_isr+3
  1277  0007  080A               	movf	10,w
  1278  0008  00F7               	movwf	??_isr+4
  1279  0009  120A  118A  281F   	ljmp	_isr
  1280                           
  1281                           	psect	text3
  1282  01FF                     __ptext3:	
  1283 ;; *************** function _leer_EEPROM *****************
  1284 ;; Defined at:
  1285 ;;		line 300 in file "Proyecto_2.c"
  1286 ;; Parameters:    Size  Location     Type
  1287 ;;  direccion       1    wreg     unsigned char 
  1288 ;; Auto vars:     Size  Location     Type
  1289 ;;  direccion       1    1[COMMON] unsigned char 
  1290 ;;  dato            1    2[COMMON] unsigned char 
  1291 ;; Return value:  Size  Location     Type
  1292 ;;                  1    wreg      unsigned char 
  1293 ;; Registers used:
  1294 ;;		wreg
  1295 ;; Tracked objects:
  1296 ;;		On entry : 0/0
  1297 ;;		On exit  : 0/0
  1298 ;;		Unchanged: 0/0
  1299 ;; Data sizes:     COMMON   BANK0   BANK1   BANK3   BANK2
  1300 ;;      Params:         0       0       0       0       0
  1301 ;;      Locals:         2       0       0       0       0
  1302 ;;      Temps:          1       0       0       0       0
  1303 ;;      Totals:         3       0       0       0       0
  1304 ;;Total ram usage:        3 bytes
  1305 ;; Hardware stack levels used:    1
  1306 ;; This function calls:
  1307 ;;		Nothing
  1308 ;; This function is called by:
  1309 ;;		_isr
  1310 ;; This function uses a non-reentrant model
  1311 ;;
  1312                           
  1313                           
  1314                           ;psect for function _leer_EEPROM
  1315  01FF                     _leer_EEPROM:
  1316                           
  1317                           ;incstack = 0
  1318                           ; Regs used in _leer_EEPROM: [wreg]
  1319                           ;leer_EEPROM@direccion stored from wreg
  1320  01FF  00F1               	movwf	leer_EEPROM@direccion
  1321  0200                     i1l945:
  1322                           
  1323                           ;Proyecto_2.c: 301:     EEADR = direccion;
  1324  0200  0871               	movf	leer_EEPROM@direccion,w
  1325  0201  1283               	bcf	3,5	;RP0=0, select bank2
  1326  0202  1703               	bsf	3,6	;RP1=1, select bank2
  1327  0203  008D               	movwf	13	;volatile
  1328  0204                     i1l947:
  1329                           
  1330                           ;Proyecto_2.c: 303:     EECON1bits.EEPGD = 0;
  1331  0204  1683               	bsf	3,5	;RP0=1, select bank3
  1332  0205  1703               	bsf	3,6	;RP1=1, select bank3
  1333  0206  138C               	bcf	12,7	;volsfr
  1334  0207                     i1l949:
  1335                           
  1336                           ;Proyecto_2.c: 304:     EECON1bits.RD = 1;
  1337  0207  140C               	bsf	12,0	;volsfr
  1338                           
  1339                           ;Proyecto_2.c: 306:     char dato = EEDATA;
  1340  0208  1283               	bcf	3,5	;RP0=0, select bank2
  1341  0209  1703               	bsf	3,6	;RP1=1, select bank2
  1342  020A  080C               	movf	12,w	;volatile
  1343  020B  00F0               	movwf	??_leer_EEPROM
  1344  020C  0870               	movf	??_leer_EEPROM,w
  1345  020D  00F2               	movwf	leer_EEPROM@dato
  1346                           
  1347                           ;Proyecto_2.c: 307:     return dato;
  1348  020E  0872               	movf	leer_EEPROM@dato,w
  1349  020F                     i1l141:
  1350  020F  0008               	return
  1351  0210                     __end_of_leer_EEPROM:
  1352                           
  1353                           	psect	text4
  1354  01E3                     __ptext4:	
  1355 ;; *************** function _escribir_EEPROM *****************
  1356 ;; Defined at:
  1357 ;;		line 280 in file "Proyecto_2.c"
  1358 ;; Parameters:    Size  Location     Type
  1359 ;;  dato            1    wreg     unsigned char 
  1360 ;;  direccion       1    0[COMMON] unsigned char 
  1361 ;; Auto vars:     Size  Location     Type
  1362 ;;  dato            1    1[COMMON] unsigned char 
  1363 ;; Return value:  Size  Location     Type
  1364 ;;                  1    wreg      void 
  1365 ;; Registers used:
  1366 ;;		wreg
  1367 ;; Tracked objects:
  1368 ;;		On entry : 0/0
  1369 ;;		On exit  : 0/0
  1370 ;;		Unchanged: 0/0
  1371 ;; Data sizes:     COMMON   BANK0   BANK1   BANK3   BANK2
  1372 ;;      Params:         1       0       0       0       0
  1373 ;;      Locals:         1       0       0       0       0
  1374 ;;      Temps:          0       0       0       0       0
  1375 ;;      Totals:         2       0       0       0       0
  1376 ;;Total ram usage:        2 bytes
  1377 ;; Hardware stack levels used:    1
  1378 ;; This function calls:
  1379 ;;		Nothing
  1380 ;; This function is called by:
  1381 ;;		_isr
  1382 ;; This function uses a non-reentrant model
  1383 ;;
  1384                           
  1385                           
  1386                           ;psect for function _escribir_EEPROM
  1387  01E3                     _escribir_EEPROM:
  1388                           
  1389                           ;incstack = 0
  1390                           ; Regs used in _escribir_EEPROM: [wreg]
  1391                           ;escribir_EEPROM@dato stored from wreg
  1392  01E3  00F1               	movwf	escribir_EEPROM@dato
  1393  01E4                     i1l935:
  1394                           
  1395                           ;Proyecto_2.c: 281:     EEADR = direccion;
  1396  01E4  0870               	movf	escribir_EEPROM@direccion,w
  1397  01E5  1283               	bcf	3,5	;RP0=0, select bank2
  1398  01E6  1703               	bsf	3,6	;RP1=1, select bank2
  1399  01E7  008D               	movwf	13	;volatile
  1400                           
  1401                           ;Proyecto_2.c: 282:     EEDAT = dato;
  1402  01E8  0871               	movf	escribir_EEPROM@dato,w
  1403  01E9  008C               	movwf	12	;volatile
  1404  01EA                     i1l937:
  1405                           
  1406                           ;Proyecto_2.c: 284:     INTCONbits.GIE = 0;
  1407  01EA  138B               	bcf	11,7	;volatile
  1408  01EB                     i1l939:
  1409                           
  1410                           ;Proyecto_2.c: 286:     EECON1bits.EEPGD = 0;
  1411  01EB  1683               	bsf	3,5	;RP0=1, select bank3
  1412  01EC  1703               	bsf	3,6	;RP1=1, select bank3
  1413  01ED  138C               	bcf	12,7	;volsfr
  1414  01EE                     i1l941:
  1415                           
  1416                           ;Proyecto_2.c: 287:     EECON1bits.WREN = 1;
  1417  01EE  150C               	bsf	12,2	;volsfr
  1418                           
  1419                           ;Proyecto_2.c: 289:     EECON2 = 0x55;
  1420  01EF  3055               	movlw	85
  1421  01F0  008D               	movwf	13	;volsfr
  1422                           
  1423                           ;Proyecto_2.c: 290:     EECON2 = 0xAA;
  1424  01F1  30AA               	movlw	170
  1425  01F2  008D               	movwf	13	;volsfr
  1426  01F3                     i1l943:
  1427                           
  1428                           ;Proyecto_2.c: 292:     EECON1bits.WR = 1;
  1429  01F3  148C               	bsf	12,1	;volsfr
  1430  01F4                     i1l135:	
  1431                           ;Proyecto_2.c: 294:     while(PIR2bits.EEIF == 0);
  1432                           
  1433  01F4  1283               	bcf	3,5	;RP0=0, select bank0
  1434  01F5  1303               	bcf	3,6	;RP1=0, select bank0
  1435  01F6  1E0D               	btfss	13,4	;volatile
  1436  01F7  29F9               	goto	u19_21
  1437  01F8  29FA               	goto	u19_20
  1438  01F9                     u19_21:
  1439  01F9  29F4               	goto	i1l135
  1440  01FA                     u19_20:
  1441  01FA                     i1l137:
  1442                           
  1443                           ;Proyecto_2.c: 295:     PIR2bits.EEIF = 0;
  1444  01FA  120D               	bcf	13,4	;volatile
  1445                           
  1446                           ;Proyecto_2.c: 297:     EECON1bits.WREN = 0;
  1447  01FB  1683               	bsf	3,5	;RP0=1, select bank3
  1448  01FC  1703               	bsf	3,6	;RP1=1, select bank3
  1449  01FD  110C               	bcf	12,2	;volsfr
  1450  01FE                     i1l138:
  1451  01FE  0008               	return
  1452  01FF                     __end_of_escribir_EEPROM:
  1453  007E                     btemp	set	126	;btemp
  1454  007E                     wtemp0	set	126
  1455                           
  1456                           	psect	config
  1457                           
  1458                           ;Config register CONFIG1 @ 0x2007
  1459                           ;	Oscillator Selection bits
  1460                           ;	FOSC = INTRC_NOCLKOUT, INTOSCIO oscillator: I/O function on RA6/OSC2/CLKOUT pin, I/O f
      +                          unction on RA7/OSC1/CLKIN
  1461                           ;	Watchdog Timer Enable bit
  1462                           ;	WDTE = OFF, WDT disabled and can be enabled by SWDTEN bit of the WDTCON register
  1463                           ;	Power-up Timer Enable bit
  1464                           ;	PWRTE = ON, PWRT enabled
  1465                           ;	RE3/MCLR pin function select bit
  1466                           ;	MCLRE = OFF, RE3/MCLR pin function is digital input, MCLR internally tied to VDD
  1467                           ;	Code Protection bit
  1468                           ;	CP = OFF, Program memory code protection is disabled
  1469                           ;	Data Code Protection bit
  1470                           ;	CPD = OFF, Data memory code protection is disabled
  1471                           ;	Brown Out Reset Selection bits
  1472                           ;	BOREN = OFF, BOR disabled
  1473                           ;	Internal External Switchover bit
  1474                           ;	IESO = OFF, Internal/External Switchover mode is disabled
  1475                           ;	Fail-Safe Clock Monitor Enabled bit
  1476                           ;	FCMEN = OFF, Fail-Safe Clock Monitor is disabled
  1477                           ;	Low Voltage Programming Enable bit
  1478                           ;	LVP = OFF, RB3 pin has digital I/O, HV on MCLR must be used for programming
  1479                           ;	In-Circuit Debugger Mode bit
  1480                           ;	DEBUG = 0x1, unprogrammed default
  1481  2007                     	org	8199
  1482  2007  20C4               	dw	8388
  1483                           
  1484                           ;Config register CONFIG2 @ 0x2008
  1485                           ;	Brown-out Reset Selection bit
  1486                           ;	BOR4V = BOR40V, Brown-out Reset set to 4.0V
  1487                           ;	Flash Program Memory Self Write Enable bits
  1488                           ;	WRT = OFF, Write protection off
  1489  2008                     	org	8200
  1490  2008  3FFF               	dw	16383

Data Sizes:
    Strings     0
    Constant    0
    Data        0
    BSS         10
    Persistent  0
    Stack       0

Auto Spaces:
    Space          Size  Autos    Used
    COMMON           14      8      14
    BANK0            80      2       6
    BANK1            80      0       0
    BANK3            96      0       0
    BANK2            96      0       0

Pointer List with Targets:

    None.

Critical Paths under _main in COMMON

    None.

Critical Paths under _isr in COMMON

    _isr->_leer_EEPROM

Critical Paths under _main in BANK0

    _main->_setup

Critical Paths under _isr in BANK0

    None.

Critical Paths under _main in BANK1

    None.

Critical Paths under _isr in BANK1

    None.

Critical Paths under _main in BANK3

    None.

Critical Paths under _isr in BANK3

    None.

Critical Paths under _main in BANK2

    None.

Critical Paths under _isr in BANK2

    None.

Call Graph Tables:

 ---------------------------------------------------------------------------------
 (Depth) Function   	        Calls       Base Space   Used Autos Params    Refs
 ---------------------------------------------------------------------------------
 (0) _main                                                 1     1      0       0
                                              1 BANK0      1     1      0
                              _setup
 ---------------------------------------------------------------------------------
 (1) _setup                                                1     1      0       0
                                              0 BANK0      1     1      0
 ---------------------------------------------------------------------------------
 Estimated maximum stack depth 1
 ---------------------------------------------------------------------------------
 (Depth) Function   	        Calls       Base Space   Used Autos Params    Refs
 ---------------------------------------------------------------------------------
 (2) _isr                                                  5     5      0     241
                                              3 COMMON     5     5      0
                    _escribir_EEPROM
                        _leer_EEPROM
 ---------------------------------------------------------------------------------
 (3) _leer_EEPROM                                          3     3      0      45
                                              0 COMMON     3     3      0
 ---------------------------------------------------------------------------------
 (3) _escribir_EEPROM                                      2     1      1     196
                                              0 COMMON     2     1      1
 ---------------------------------------------------------------------------------
 Estimated maximum stack depth 3
 ---------------------------------------------------------------------------------

 Call Graph Graphs:

 _main (ROOT)
   _setup

 _isr (ROOT)
   _escribir_EEPROM
   _leer_EEPROM

 Address spaces:
Name               Size   Autos  Total    Cost      Usage
BITCOMMON            E      0       0       0        0.0%
EEDATA             100      0       0       0        0.0%
NULL                 0      0       0       0        0.0%
CODE                 0      0       0       0        0.0%
COMMON               E      8       E       1      100.0%
BITSFR0              0      0       0       1        0.0%
SFR0                 0      0       0       1        0.0%
BITSFR1              0      0       0       2        0.0%
SFR1                 0      0       0       2        0.0%
STACK                0      0       0       2        0.0%
ABS                  0      0      14       3        0.0%
BITBANK0            50      0       0       4        0.0%
BITSFR3              0      0       0       4        0.0%
SFR3                 0      0       0       4        0.0%
BANK0               50      2       6       5        7.5%
BITSFR2              0      0       0       5        0.0%
SFR2                 0      0       0       5        0.0%
BITBANK1            50      0       0       6        0.0%
BANK1               50      0       0       7        0.0%
BITBANK3            60      0       0       8        0.0%
BANK3               60      0       0       9        0.0%
BITBANK2            60      0       0      10        0.0%
BANK2               60      0       0      11        0.0%
DATA                 0      0      14      12        0.0%


Microchip Technology PIC Macro Assembler V2.31 build 20201012212115 
Symbol Table                                                                                   Fri Jun 04 00:10:25 2021

            ?_leer_EEPROM 0070                       l131 019C                       l132 01A1  
                     l129 0198                       l961 0135                       l953 012A  
                     l971 0140                       l963 0138                       l955 012E  
                     l981 0147                       l973 0143                       l965 013B  
                     l957 012F                       l991 014E                       l983 0148  
                     l975 0144                       l967 013E                       l959 0133  
                     l993 014F                       l985 0149                       l977 0145  
                     l969 013F                       l995 0150                       l987 014A  
                     l979 0146                       l997 0153                       l989 014B  
                     l999 0154                       u200 019C                       u201 019B  
                     u330 01AE                       u331 01AD                       u340 01B7  
                     u341 01B6                       u350 01C5                       _PR2 0092  
                     u351 01C4                       u360 01D3                       u361 01D2  
                     u377 01D9                       u387 016D                       u397 0177  
__size_of_escribir_EEPROM 001C                       _isr 001F                      l1001 0155  
                    l1011 015F                      l1003 0156                      l1021 0170  
                    l1013 0160                      l1005 0157                      l1031 0180  
                    l1023 0173                      l1015 0161                      l1007 0158  
                    l1041 0190                      l1033 0184                      l1025 017A  
                    l1017 0167                      l1009 015C                      l1121 01AE  
                    l1051 0197                      l1043 0192                      l1035 0188  
                    l1027 017D                      l1019 0169                      l1131 01D3  
                    l1123 01B7                      l1115 01A2                      l1045 0193  
                    l1037 018C                      l1029 017E                      l1133 01D5  
                    l1125 01BC                      l1117 01A7                      l1047 0194  
                    l1039 018E                      l1135 01DC                      l1127 01C5  
                    l1119 01AA                      l1049 0195                      l1129 01CA  
                    ?_isr 0070                      _IOCB 0096                      _TMR0 0001  
                    _WPUB 0095                      _lec1 007B                      _lec2 007A  
                    _dato 0079                      _main 01A2                      btemp 007E  
                    start 000C                     ??_isr 0073                     ?_main 0070  
                   _EEADR 010D                     _EEDAT 010C                     _ANSEL 0188  
                   i1l110 0120                     i1l112 0123                     i1l104 00B2  
                   i1l108 00E9                     i1l141 020F                     i1l109 0122  
                   i1l135 01F4                     i1l137 01FA                     i1l138 01FE  
                   i1l941 01EE                     i1l943 01F3                     i1l935 01E4  
                   i1l937 01EA                     i1l945 0200                     i1l939 01EB  
                   i1l947 0204                     i1l949 0207                     u21_20 0025  
                   u21_21 0024                     u30_20 00C2                     u22_20 002E  
                   u30_21 00C1                     u22_21 002D                     u31_20 00C6  
                   u31_21 00C5                     u23_25 0045                     u32_20 00ED  
                   u24_20 005C                     u32_21 00EC                     u24_21 005B  
                   u40_27 00E1                     u25_25 0073                     u41_27 0115  
                   u26_20 008A                     u26_21 0089                     u19_20 01FA  
                   u27_20 0096                     u19_21 01F9                     u27_21 0095  
                   _PORTA 0005                     _PORTB 0006                     _PORTD 0008  
                   u28_20 00AD                     u28_21 00AC                     u28_25 00A9  
                   u29_20 00BC                     u29_21 00BB                     _TRISA 0085  
                   _TRISB 0086                     _TRISD 0088                     _speed 0022  
                   _setup 012A                     pclath 000A                     status 0003  
                   wtemp0 007E  escribir_EEPROM@direccion 0070           __initialization 000F  
            __end_of_main 01E3                    ??_main 0025                    _ADRESH 001E  
                  _EEDATA 010C                    _CCPR1L 0015                    _CCPR2L 001B  
                  _EECON2 018D                    ?_setup 0070         ??_escribir_EEPROM 0071  
                  _ANSELH 0189                    i1l1101 00DB                    i1l1111 010F  
                  i1l1103 00ED                    i1l1113 011C                    i1l1105 00EF  
                  i1l1107 0101                    i1l1109 0109                    i1l1061 0038  
                  i1l1053 001F                    i1l1071 0066                    i1l1063 0042  
                  i1l1055 0025                    i1l1073 0070                    i1l1057 002E  
                  i1l1065 0053                    i1l1081 0092                    i1l1091 00BC  
                  i1l1083 0096                    i1l1067 005C                    i1l1075 0081  
                  i1l1059 0032                    i1l1085 009C                    i1l1093 00BE  
                  i1l1077 008A                    i1l1069 0060                    i1l1095 00C2  
                  i1l1087 00AD                    i1l1079 0091                    i1l1097 00C6  
                  i1l1089 00B6                    i1l1099 00C7                    _servo1 007D  
                  _servo2 007C      __size_of_leer_EEPROM 0011                    saved_w 007E  
 __end_of__initialization 001B            __pcstackCOMMON 0070             __end_of_setup 01A2  
          _OPTION_REGbits 0081                   ??_setup 0024                __pbssBANK0 0020  
              __pmaintext 01A2                __pintentry 0004                   __ptext1 012A  
                 __ptext2 001F                   __ptext3 01FF                   __ptext4 01E3  
         _escribir_EEPROM 01E3                   _counter 0020                 _T2CONbits 0012  
            __size_of_isr 010B      end_of_initialization 001B                 _PORTBbits 0006  
               _PORTDbits 0008                 _TRISCbits 0087               _CCP1CONbits 0017  
             _CCP2CONbits 001D   __end_of_escribir_EEPROM 01FF             ??_leer_EEPROM 0070  
     start_initialization 000F               __end_of_isr 012A       __end_of_leer_EEPROM 0210  
             __pbssCOMMON 0078                 ___latbits 0002             __pcstackBANK0 0024  
        ?_escribir_EEPROM 0070                 _direccion 0078            __size_of_setup 0078  
       interrupt_function 0004       escribir_EEPROM@dato 0071                  _PIE1bits 008C  
                _PIR1bits 000C                  _PIR2bits 000D               _leer_EEPROM 01FF  
              _ADCON0bits 001F                _ADCON1bits 009F                _EECON1bits 018C  
           __size_of_main 0041      leer_EEPROM@direccion 0071                _INTCONbits 000B  
         leer_EEPROM@dato 0072                  intlevel1 0000                _OSCCONbits 008F  
